[0.037s] Invoking command in '/home/anish/work/sick_safetyscanners2/build/sick_safetyscanners2': CMAKE_PREFIX_PATH=${CMAKE_PREFIX_PATH}:/home/anish/work/starnus_robot/install/starnus_viz:/home/anish/work/starnus_robot/install/starnus_slam:/home/anish/work/starnus_robot/install/starnus_sim:/home/anish/work/starnus_robot/install/starnus_rmf_panel:/home/anish/work/starnus_robot/install/starnus_rmf_fleet_adapter:/home/anish/work/starnus_robot/install/starnus_pallet_localisation:/home/anish/work/starnus_robot/install/starnus_navigation:/home/anish/work/starnus_robot/install/starnus_driver:/home/anish/work/starnus_robot/install/starnus_description:/home/anish/work/starnus_robot/install/starnus_bringup:/home/anish/work/starnus_robot/install/starnus:/opt/ros/humble:/home/anish/ros2_humble/install/rqt_bag_plugins:/home/anish/ros2_humble/install/rqt_bag:/home/anish/ros2_humble/install/ros2bag:/home/anish/ros2_humble/install/tracetools_test:/home/anish/ros2_humble/install/tracetools_launch:/home/anish/ros2_humble/install/topic_monitor:/home/anish/ros2_humble/install/tf2_tools:/home/anish/ros2_humble/install/examples_tf2_py:/home/anish/ros2_humble/install/tf2_ros_py:/home/anish/ros2_humble/install/sros2:/home/anish/ros2_humble/install/rqt_topic:/home/anish/ros2_humble/install/rqt_srv:/home/anish/ros2_humble/install/rqt_shell:/home/anish/ros2_humble/install/rqt_service_caller:/home/anish/ros2_humble/install/rqt_reconfigure:/home/anish/ros2_humble/install/rqt_py_console:/home/anish/ros2_humble/install/rqt_publisher:/home/anish/ros2_humble/install/rqt_plot:/home/anish/ros2_humble/install/rqt_action:/home/anish/ros2_humble/install/rqt_msg:/home/anish/ros2_humble/install/rqt_console:/home/anish/ros2_humble/install/rqt:/home/anish/ros2_humble/install/rqt_graph:/home/anish/ros2_humble/install/rqt_gui_py:/home/anish/ros2_humble/install/rqt_gui:/home/anish/ros2_humble/install/ros2trace:/home/anish/ros2_humble/install/ros2topic:/home/anish/ros2_humble/install/ros2test:/home/anish/ros2_humble/install/ros2component:/home/anish/ros2_humble/install/ros2param:/home/anish/ros2_humble/install/ros2lifecycle:/home/anish/ros2_humble/install/ros2service:/home/anish/ros2_humble/install/ros2run:/home/anish/ros2_humble/install/ros2launch:/home/anish/ros2_humble/install/ros2pkg:/home/anish/ros2_humble/install/ros2node:/home/anish/ros2_humble/install/ros2multicast:/home/anish/ros2_humble/install/ros2interface:/home/anish/ros2_humble/install/ros2doctor:/home/anish/ros2_humble/install/ros2action:/home/anish/ros2_humble/install/ros2cli:/home/anish/ros2_humble/install/quality_of_service_demo_py:/home/anish/ros2_humble/install/lifecycle_py:/home/anish/ros2_humble/install/launch_testing_ros:/home/anish/ros2_humble/install/launch_ros:/home/anish/ros2_humble/install/examples_rclpy_pointcloud_publisher:/home/anish/ros2_humble/install/examples_rclpy_minimal_subscriber:/home/anish/ros2_humble/install/examples_rclpy_minimal_service:/home/anish/ros2_humble/install/examples_rclpy_minimal_publisher:/home/anish/ros2_humble/install/examples_rclpy_minimal_client:/home/anish/ros2_humble/install/examples_rclpy_minimal_action_server:/home/anish/ros2_humble/install/examples_rclpy_minimal_action_client:/home/anish/ros2_humble/install/examples_rclpy_guard_conditions:/home/anish/ros2_humble/install/examples_rclpy_executors:/home/anish/ros2_humble/install/demo_nodes_py:/home/anish/ros2_humble/install/action_tutorials_py:/home/anish/ros2_humble/install/ament_uncrustify:/home/anish/ros2_humble/install/tracetools_trace:/home/anish/ros2_humble/install/tracetools_read:/home/anish/ros2_humble/install/test_tracetools_launch:/home/anish/ros2_humble/install/test_launch_ros:/home/anish/ros2_humble/install/sensor_msgs_py:/home/anish/ros2_humble/install/rpyutils:/home/anish/ros2_humble/install/rosidl_runtime_py:/home/anish/ros2_humble/install/rosidl_cli:/home/anish/ros2_humble/install/launch_pytest:/home/anish/ros2_humble/install/launch_testing:/home/anish/ros2_humble/install/launch_yaml:/home/anish/ros2_humble/install/launch_xml:/home/anish/ros2_humble/install/launch:/home/anish/ros2_humble/install/osrf_pycommon:/home/anish/ros2_humble/install/launch_testing_examples:/home/anish/ros2_humble/install/domain_coordinator:/home/anish/ros2_humble/install/ament_xmllint:/home/anish/ros2_humble/install/ament_pyflakes:/home/anish/ros2_humble/install/ament_pycodestyle:/home/anish/ros2_humble/install/ament_pep257:/home/anish/ros2_humble/install/ament_pclint:/home/anish/ros2_humble/install/ament_package:/home/anish/ros2_humble/install/ament_mypy:/home/anish/ros2_humble/install/ament_lint_cmake:/home/anish/ros2_humble/install/ament_flake8:/home/anish/ros2_humble/install/ament_copyright:/home/anish/ros2_humble/install/ament_lint:/home/anish/ros2_humble/install/ament_index_python:/home/anish/ros2_humble/install/ament_cpplint:/home/anish/ros2_humble/install/ament_cppcheck:/home/anish/ros2_humble/install/ament_clang_tidy:/home/anish/ros2_humble/install/ament_clang_format /usr/bin/cmake /home/anish/work/sick_safetyscanners2 -DCMAKE_INSTALL_PREFIX=/home/anish/work/sick_safetyscanners2/install/sick_safetyscanners2
[0.147s] -- The C compiler identification is GNU 11.3.0
[0.215s] -- The CXX compiler identification is GNU 11.3.0
[0.225s] -- Detecting C compiler ABI info
[0.320s] -- Detecting C compiler ABI info - done
[0.326s] -- Check for working C compiler: /usr/bin/cc - skipped
[0.326s] -- Detecting C compile features
[0.327s] -- Detecting C compile features - done
[0.330s] -- Detecting CXX compiler ABI info
[0.440s] -- Detecting CXX compiler ABI info - done
[0.446s] -- Check for working CXX compiler: /usr/bin/c++ - skipped
[0.446s] -- Detecting CXX compile features
[0.447s] -- Detecting CXX compile features - done
[0.466s] -- Found ament_cmake: 1.3.3 (/home/anish/ros2_humble/install/ament_cmake/share/ament_cmake/cmake)
[0.998s] -- Found Python3: /usr/bin/python3.10 (found version "3.10.6") found components: Interpreter 
[1.411s] -- Found Boost: /usr/lib/x86_64-linux-gnu/cmake/Boost-1.74.0/BoostConfig.cmake (found version "1.74.0") found components: chrono 
[1.417s] -- Found rclcpp: 16.0.3 (/home/anish/ros2_humble/install/rclcpp/share/rclcpp/cmake)
[1.562s] -- Found rosidl_generator_c: 3.1.4 (/home/anish/ros2_humble/install/rosidl_generator_c/share/rosidl_generator_c/cmake)
[1.582s] -- Found rosidl_adapter: 3.1.4 (/home/anish/ros2_humble/install/rosidl_adapter/share/rosidl_adapter/cmake)
[1.606s] -- Found rosidl_generator_cpp: 3.1.4 (/home/anish/ros2_humble/install/rosidl_generator_cpp/share/rosidl_generator_cpp/cmake)
[1.659s] -- Using all available rosidl_typesupport_c: rosidl_typesupport_fastrtps_c;rosidl_typesupport_introspection_c
[1.724s] -- Using all available rosidl_typesupport_cpp: rosidl_typesupport_fastrtps_cpp;rosidl_typesupport_introspection_cpp
[1.890s] -- Found rmw_implementation_cmake: 6.1.1 (/home/anish/ros2_humble/install/rmw_implementation_cmake/share/rmw_implementation_cmake/cmake)
[1.921s] -- Found rmw_fastrtps_cpp: 6.2.2 (/home/anish/ros2_humble/install/rmw_fastrtps_cpp/share/rmw_fastrtps_cpp/cmake)
[2.126s] -- Found OpenSSL: /usr/lib/x86_64-linux-gnu/libcrypto.so (found version "3.0.2")  
[2.181s] -- Found FastRTPS: /home/anish/ros2_humble/install/fastrtps/include  
[2.286s] -- Using RMW implementation 'rmw_fastrtps_cpp' as default
[2.326s] -- Looking for pthread.h
[2.414s] -- Looking for pthread.h - found
[2.414s] -- Performing Test CMAKE_HAVE_LIBC_PTHREAD
[2.500s] -- Performing Test CMAKE_HAVE_LIBC_PTHREAD - Success
[2.501s] -- Found Threads: TRUE  
[2.681s] -- Found rclcpp_lifecycle: 16.0.3 (/home/anish/ros2_humble/install/rclcpp_lifecycle/share/rclcpp_lifecycle/cmake)
[2.736s] -- Found sensor_msgs: 4.2.3 (/home/anish/ros2_humble/install/sensor_msgs/share/sensor_msgs/cmake)
[2.933s] -- Found Boost: /usr/lib/x86_64-linux-gnu/cmake/Boost-1.74.0/BoostConfig.cmake (found version "1.74.0") found components: system thread 
[2.951s] -- Found sick_safetyscanners2_interfaces: 1.0.0 (/opt/ros/humble/share/sick_safetyscanners2_interfaces/cmake)
[3.102s] -- Found ament_lint_auto: 0.12.5 (/home/anish/ros2_humble/install/ament_lint_auto/share/ament_lint_auto/cmake)
[3.342s] -- Added test 'copyright' to check source files copyright and LICENSE
[3.349s] -- Added test 'cppcheck' to perform static code analysis on C / C++ code
[3.349s] -- Configured cppcheck include dirs: $<BUILD_INTERFACE:/home/anish/work/sick_safetyscanners2/include>
[3.349s] -- Configured cppcheck exclude dirs and/or files: 
[3.357s] -- Added test 'cpplint' to check C / C++ code against the Google style
[3.357s] -- Configured cpplint exclude dirs and/or files: 
[3.361s] -- Added test 'flake8' to check Python code syntax and style conventions
[3.366s] -- Added test 'lint_cmake' to check CMake code style
[3.371s] -- Added test 'pep257' to check Python code against some of the docstring style conventions in PEP 257
[3.379s] -- Added test 'uncrustify' to check C / C++ code style
[3.379s] -- Configured uncrustify additional arguments: 
[3.383s] -- Added test 'xmllint' to check XML markup files
[3.392s] -- Configuring done
[3.416s] -- Generating done
[3.416s] -- Build files have been written to: /home/anish/work/sick_safetyscanners2/build/sick_safetyscanners2
[3.425s] Invoked command in '/home/anish/work/sick_safetyscanners2/build/sick_safetyscanners2' returned '0': CMAKE_PREFIX_PATH=${CMAKE_PREFIX_PATH}:/home/anish/work/starnus_robot/install/starnus_viz:/home/anish/work/starnus_robot/install/starnus_slam:/home/anish/work/starnus_robot/install/starnus_sim:/home/anish/work/starnus_robot/install/starnus_rmf_panel:/home/anish/work/starnus_robot/install/starnus_rmf_fleet_adapter:/home/anish/work/starnus_robot/install/starnus_pallet_localisation:/home/anish/work/starnus_robot/install/starnus_navigation:/home/anish/work/starnus_robot/install/starnus_driver:/home/anish/work/starnus_robot/install/starnus_description:/home/anish/work/starnus_robot/install/starnus_bringup:/home/anish/work/starnus_robot/install/starnus:/opt/ros/humble:/home/anish/ros2_humble/install/rqt_bag_plugins:/home/anish/ros2_humble/install/rqt_bag:/home/anish/ros2_humble/install/ros2bag:/home/anish/ros2_humble/install/tracetools_test:/home/anish/ros2_humble/install/tracetools_launch:/home/anish/ros2_humble/install/topic_monitor:/home/anish/ros2_humble/install/tf2_tools:/home/anish/ros2_humble/install/examples_tf2_py:/home/anish/ros2_humble/install/tf2_ros_py:/home/anish/ros2_humble/install/sros2:/home/anish/ros2_humble/install/rqt_topic:/home/anish/ros2_humble/install/rqt_srv:/home/anish/ros2_humble/install/rqt_shell:/home/anish/ros2_humble/install/rqt_service_caller:/home/anish/ros2_humble/install/rqt_reconfigure:/home/anish/ros2_humble/install/rqt_py_console:/home/anish/ros2_humble/install/rqt_publisher:/home/anish/ros2_humble/install/rqt_plot:/home/anish/ros2_humble/install/rqt_action:/home/anish/ros2_humble/install/rqt_msg:/home/anish/ros2_humble/install/rqt_console:/home/anish/ros2_humble/install/rqt:/home/anish/ros2_humble/install/rqt_graph:/home/anish/ros2_humble/install/rqt_gui_py:/home/anish/ros2_humble/install/rqt_gui:/home/anish/ros2_humble/install/ros2trace:/home/anish/ros2_humble/install/ros2topic:/home/anish/ros2_humble/install/ros2test:/home/anish/ros2_humble/install/ros2component:/home/anish/ros2_humble/install/ros2param:/home/anish/ros2_humble/install/ros2lifecycle:/home/anish/ros2_humble/install/ros2service:/home/anish/ros2_humble/install/ros2run:/home/anish/ros2_humble/install/ros2launch:/home/anish/ros2_humble/install/ros2pkg:/home/anish/ros2_humble/install/ros2node:/home/anish/ros2_humble/install/ros2multicast:/home/anish/ros2_humble/install/ros2interface:/home/anish/ros2_humble/install/ros2doctor:/home/anish/ros2_humble/install/ros2action:/home/anish/ros2_humble/install/ros2cli:/home/anish/ros2_humble/install/quality_of_service_demo_py:/home/anish/ros2_humble/install/lifecycle_py:/home/anish/ros2_humble/install/launch_testing_ros:/home/anish/ros2_humble/install/launch_ros:/home/anish/ros2_humble/install/examples_rclpy_pointcloud_publisher:/home/anish/ros2_humble/install/examples_rclpy_minimal_subscriber:/home/anish/ros2_humble/install/examples_rclpy_minimal_service:/home/anish/ros2_humble/install/examples_rclpy_minimal_publisher:/home/anish/ros2_humble/install/examples_rclpy_minimal_client:/home/anish/ros2_humble/install/examples_rclpy_minimal_action_server:/home/anish/ros2_humble/install/examples_rclpy_minimal_action_client:/home/anish/ros2_humble/install/examples_rclpy_guard_conditions:/home/anish/ros2_humble/install/examples_rclpy_executors:/home/anish/ros2_humble/install/demo_nodes_py:/home/anish/ros2_humble/install/action_tutorials_py:/home/anish/ros2_humble/install/ament_uncrustify:/home/anish/ros2_humble/install/tracetools_trace:/home/anish/ros2_humble/install/tracetools_read:/home/anish/ros2_humble/install/test_tracetools_launch:/home/anish/ros2_humble/install/test_launch_ros:/home/anish/ros2_humble/install/sensor_msgs_py:/home/anish/ros2_humble/install/rpyutils:/home/anish/ros2_humble/install/rosidl_runtime_py:/home/anish/ros2_humble/install/rosidl_cli:/home/anish/ros2_humble/install/launch_pytest:/home/anish/ros2_humble/install/launch_testing:/home/anish/ros2_humble/install/launch_yaml:/home/anish/ros2_humble/install/launch_xml:/home/anish/ros2_humble/install/launch:/home/anish/ros2_humble/install/osrf_pycommon:/home/anish/ros2_humble/install/launch_testing_examples:/home/anish/ros2_humble/install/domain_coordinator:/home/anish/ros2_humble/install/ament_xmllint:/home/anish/ros2_humble/install/ament_pyflakes:/home/anish/ros2_humble/install/ament_pycodestyle:/home/anish/ros2_humble/install/ament_pep257:/home/anish/ros2_humble/install/ament_pclint:/home/anish/ros2_humble/install/ament_package:/home/anish/ros2_humble/install/ament_mypy:/home/anish/ros2_humble/install/ament_lint_cmake:/home/anish/ros2_humble/install/ament_flake8:/home/anish/ros2_humble/install/ament_copyright:/home/anish/ros2_humble/install/ament_lint:/home/anish/ros2_humble/install/ament_index_python:/home/anish/ros2_humble/install/ament_cpplint:/home/anish/ros2_humble/install/ament_cppcheck:/home/anish/ros2_humble/install/ament_clang_tidy:/home/anish/ros2_humble/install/ament_clang_format /usr/bin/cmake /home/anish/work/sick_safetyscanners2 -DCMAKE_INSTALL_PREFIX=/home/anish/work/sick_safetyscanners2/install/sick_safetyscanners2
[3.427s] Invoking command in '/home/anish/work/sick_safetyscanners2/build/sick_safetyscanners2': CMAKE_PREFIX_PATH=${CMAKE_PREFIX_PATH}:/home/anish/work/starnus_robot/install/starnus_viz:/home/anish/work/starnus_robot/install/starnus_slam:/home/anish/work/starnus_robot/install/starnus_sim:/home/anish/work/starnus_robot/install/starnus_rmf_panel:/home/anish/work/starnus_robot/install/starnus_rmf_fleet_adapter:/home/anish/work/starnus_robot/install/starnus_pallet_localisation:/home/anish/work/starnus_robot/install/starnus_navigation:/home/anish/work/starnus_robot/install/starnus_driver:/home/anish/work/starnus_robot/install/starnus_description:/home/anish/work/starnus_robot/install/starnus_bringup:/home/anish/work/starnus_robot/install/starnus:/opt/ros/humble:/home/anish/ros2_humble/install/rqt_bag_plugins:/home/anish/ros2_humble/install/rqt_bag:/home/anish/ros2_humble/install/ros2bag:/home/anish/ros2_humble/install/tracetools_test:/home/anish/ros2_humble/install/tracetools_launch:/home/anish/ros2_humble/install/topic_monitor:/home/anish/ros2_humble/install/tf2_tools:/home/anish/ros2_humble/install/examples_tf2_py:/home/anish/ros2_humble/install/tf2_ros_py:/home/anish/ros2_humble/install/sros2:/home/anish/ros2_humble/install/rqt_topic:/home/anish/ros2_humble/install/rqt_srv:/home/anish/ros2_humble/install/rqt_shell:/home/anish/ros2_humble/install/rqt_service_caller:/home/anish/ros2_humble/install/rqt_reconfigure:/home/anish/ros2_humble/install/rqt_py_console:/home/anish/ros2_humble/install/rqt_publisher:/home/anish/ros2_humble/install/rqt_plot:/home/anish/ros2_humble/install/rqt_action:/home/anish/ros2_humble/install/rqt_msg:/home/anish/ros2_humble/install/rqt_console:/home/anish/ros2_humble/install/rqt:/home/anish/ros2_humble/install/rqt_graph:/home/anish/ros2_humble/install/rqt_gui_py:/home/anish/ros2_humble/install/rqt_gui:/home/anish/ros2_humble/install/ros2trace:/home/anish/ros2_humble/install/ros2topic:/home/anish/ros2_humble/install/ros2test:/home/anish/ros2_humble/install/ros2component:/home/anish/ros2_humble/install/ros2param:/home/anish/ros2_humble/install/ros2lifecycle:/home/anish/ros2_humble/install/ros2service:/home/anish/ros2_humble/install/ros2run:/home/anish/ros2_humble/install/ros2launch:/home/anish/ros2_humble/install/ros2pkg:/home/anish/ros2_humble/install/ros2node:/home/anish/ros2_humble/install/ros2multicast:/home/anish/ros2_humble/install/ros2interface:/home/anish/ros2_humble/install/ros2doctor:/home/anish/ros2_humble/install/ros2action:/home/anish/ros2_humble/install/ros2cli:/home/anish/ros2_humble/install/quality_of_service_demo_py:/home/anish/ros2_humble/install/lifecycle_py:/home/anish/ros2_humble/install/launch_testing_ros:/home/anish/ros2_humble/install/launch_ros:/home/anish/ros2_humble/install/examples_rclpy_pointcloud_publisher:/home/anish/ros2_humble/install/examples_rclpy_minimal_subscriber:/home/anish/ros2_humble/install/examples_rclpy_minimal_service:/home/anish/ros2_humble/install/examples_rclpy_minimal_publisher:/home/anish/ros2_humble/install/examples_rclpy_minimal_client:/home/anish/ros2_humble/install/examples_rclpy_minimal_action_server:/home/anish/ros2_humble/install/examples_rclpy_minimal_action_client:/home/anish/ros2_humble/install/examples_rclpy_guard_conditions:/home/anish/ros2_humble/install/examples_rclpy_executors:/home/anish/ros2_humble/install/demo_nodes_py:/home/anish/ros2_humble/install/action_tutorials_py:/home/anish/ros2_humble/install/ament_uncrustify:/home/anish/ros2_humble/install/tracetools_trace:/home/anish/ros2_humble/install/tracetools_read:/home/anish/ros2_humble/install/test_tracetools_launch:/home/anish/ros2_humble/install/test_launch_ros:/home/anish/ros2_humble/install/sensor_msgs_py:/home/anish/ros2_humble/install/rpyutils:/home/anish/ros2_humble/install/rosidl_runtime_py:/home/anish/ros2_humble/install/rosidl_cli:/home/anish/ros2_humble/install/launch_pytest:/home/anish/ros2_humble/install/launch_testing:/home/anish/ros2_humble/install/launch_yaml:/home/anish/ros2_humble/install/launch_xml:/home/anish/ros2_humble/install/launch:/home/anish/ros2_humble/install/osrf_pycommon:/home/anish/ros2_humble/install/launch_testing_examples:/home/anish/ros2_humble/install/domain_coordinator:/home/anish/ros2_humble/install/ament_xmllint:/home/anish/ros2_humble/install/ament_pyflakes:/home/anish/ros2_humble/install/ament_pycodestyle:/home/anish/ros2_humble/install/ament_pep257:/home/anish/ros2_humble/install/ament_pclint:/home/anish/ros2_humble/install/ament_package:/home/anish/ros2_humble/install/ament_mypy:/home/anish/ros2_humble/install/ament_lint_cmake:/home/anish/ros2_humble/install/ament_flake8:/home/anish/ros2_humble/install/ament_copyright:/home/anish/ros2_humble/install/ament_lint:/home/anish/ros2_humble/install/ament_index_python:/home/anish/ros2_humble/install/ament_cpplint:/home/anish/ros2_humble/install/ament_cppcheck:/home/anish/ros2_humble/install/ament_clang_tidy:/home/anish/ros2_humble/install/ament_clang_format /usr/bin/cmake --build /home/anish/work/sick_safetyscanners2/build/sick_safetyscanners2 -- -j16 -l16
[3.501s] [ 62%] [32mBuilding CXX object CMakeFiles/sick_safetyscanners2_lifecycle_node.dir/src/SickSafetyscannersLifeCycle.cpp.o[0m
[3.501s] [ 62%] [32mBuilding CXX object CMakeFiles/sick_safetyscanners2_node.dir/src/SickSafetyscannersRos2.cpp.o[0m
[3.501s] [ 62%] [32mBuilding CXX object CMakeFiles/sick_safetyscanners2_node.dir/src/utils/MessageCreator.cpp.o[0m
[3.501s] [ 62%] [32mBuilding CXX object CMakeFiles/sick_safetyscanners2_lifecycle_node.dir/src/sick_safetyscanners2_lifecycle_node.cpp.o[0m
[3.501s] [ 62%] [32mBuilding CXX object CMakeFiles/sick_safetyscanners2_lifecycle_node.dir/src/utils/MessageCreator.cpp.o[0m
[3.502s] [ 75%] [32mBuilding CXX object CMakeFiles/sick_safetyscanners2_node.dir/src/sick_safetyscanners2_node.cpp.o[0m
[7.175s] In file included from [01m[K/home/anish/work/sick_safetyscanners2/src/utils/MessageCreator.cpp:36[m[K:
[7.175s] [01m[K/home/anish/work/sick_safetyscanners2/include/sick_safetyscanners2/utils/MessageCreator.h:[m[K In constructor â€˜[01m[Ksick::MessageCreator::MessageCreator(std::string, double, double, double, float, double, std::string)[m[Kâ€™:
[7.175s] [01m[K/home/anish/work/sick_safetyscanners2/include/sick_safetyscanners2/utils/MessageCreator.h:128:10:[m[K [01;35m[Kwarning: [m[Kâ€˜[01m[Ksick::MessageCreator::m_min_intensities[m[Kâ€™ will be initialized after [[01;35m[K]8;;https://gcc.gnu.org/onlinedocs/gcc/Warning-Options.html#index-Wreorder-Wreorder]8;;[m[K]
[7.175s]   128 |   double [01;35m[Km_min_intensities[m[K = 0.0; /*!< min intensities for laser points */
[7.175s]       |          [01;35m[K^~~~~~~~~~~~~~~~~[m[K
[7.175s] [01m[K/home/anish/work/sick_safetyscanners2/include/sick_safetyscanners2/utils/MessageCreator.h:123:15:[m[K [01;35m[Kwarning: [m[K  â€˜[01m[Kstd::string sick::MessageCreator::m_lidar_name[m[Kâ€™ [[01;35m[K]8;;https://gcc.gnu.org/onlinedocs/gcc/Warning-Options.html#index-Wreorder-Wreorder]8;;[m[K]
[7.176s]   123 |   std::string [01;35m[Km_lidar_name[m[K;
[7.176s]       |               [01;35m[K^~~~~~~~~~~~[m[K
[7.176s] [01m[K/home/anish/work/sick_safetyscanners2/src/utils/MessageCreator.cpp:40:1:[m[K [01;35m[Kwarning: [m[K  when initialized here [[01;35m[K]8;;https://gcc.gnu.org/onlinedocs/gcc/Warning-Options.html#index-Wreorder-Wreorder]8;;[m[K]
[7.176s]    40 | [01;35m[KMessageCreator[m[K::MessageCreator(std::string frame_id,
[7.176s]       | [01;35m[K^~~~~~~~~~~~~~[m[K
[7.179s] In file included from [01m[K/home/anish/work/sick_safetyscanners2/src/utils/MessageCreator.cpp:36[m[K:
[7.179s] [01m[K/home/anish/work/sick_safetyscanners2/include/sick_safetyscanners2/utils/MessageCreator.h:[m[K In constructor â€˜[01m[Ksick::MessageCreator::MessageCreator(std::string, double, double, double, float, double, std::string)[m[Kâ€™:
[7.179s] [01m[K/home/anish/work/sick_safetyscanners2/include/sick_safetyscanners2/utils/MessageCreator.h:128:10:[m[K [01;35m[Kwarning: [m[Kâ€˜[01m[Ksick::MessageCreator::m_min_intensities[m[Kâ€™ will be initialized after [[01;35m[K]8;;https://gcc.gnu.org/onlinedocs/gcc/Warning-Options.html#index-Wreorder-Wreorder]8;;[m[K]
[7.179s]   128 |   double [01;35m[Km_min_intensities[m[K = 0.0; /*!< min intensities for laser points */
[7.179s]       |          [01;35m[K^~~~~~~~~~~~~~~~~[m[K
[7.179s] [01m[K/home/anish/work/sick_safetyscanners2/include/sick_safetyscanners2/utils/MessageCreator.h:123:15:[m[K [01;35m[Kwarning: [m[K  â€˜[01m[Kstd::string sick::MessageCreator::m_lidar_name[m[Kâ€™ [[01;35m[K]8;;https://gcc.gnu.org/onlinedocs/gcc/Warning-Options.html#index-Wreorder-Wreorder]8;;[m[K]
[7.180s]   123 |   std::string [01;35m[Km_lidar_name[m[K;
[7.180s]       |               [01;35m[K^~~~~~~~~~~~[m[K
[7.180s] [01m[K/home/anish/work/sick_safetyscanners2/src/utils/MessageCreator.cpp:40:1:[m[K [01;35m[Kwarning: [m[K  when initialized here [[01;35m[K]8;;https://gcc.gnu.org/onlinedocs/gcc/Warning-Options.html#index-Wreorder-Wreorder]8;;[m[K]
[7.180s]    40 | [01;35m[KMessageCreator[m[K::MessageCreator(std::string frame_id,
[7.180s]       | [01;35m[K^~~~~~~~~~~~~~[m[K
[8.191s] In file included from [01m[K/home/anish/work/sick_safetyscanners2/src/SickSafetyscannersRos2.cpp:35[m[K:
[8.192s] [01m[K/home/anish/work/sick_safetyscanners2/include/sick_safetyscanners2/SickSafetyscannersRos2.h:[m[K In constructor â€˜[01m[Ksick::SickSafetyscannersRos2::SickSafetyscannersRos2()[m[Kâ€™:
[8.192s] [01m[K/home/anish/work/sick_safetyscanners2/include/sick_safetyscanners2/SickSafetyscannersRos2.h:105:8:[m[K [01;35m[Kwarning: [m[Kâ€˜[01m[Ksick::SickSafetyscannersRos2::m_use_pers_conf[m[Kâ€™ will be initialized after [[01;35m[K]8;;https://gcc.gnu.org/onlinedocs/gcc/Warning-Options.html#index-Wreorder-Wreorder]8;;[m[K]
[8.192s]   105 |   bool [01;35m[Km_use_pers_conf[m[K;
[8.192s]       |        [01;35m[K^~~~~~~~~~~~~~~[m[K
[8.192s] [01m[K/home/anish/work/sick_safetyscanners2/include/sick_safetyscanners2/SickSafetyscannersRos2.h:94:15:[m[K [01;35m[Kwarning: [m[K  â€˜[01m[Kstd::string sick::SickSafetyscannersRos2::m_lidar_name[m[Kâ€™ [[01;35m[K]8;;https://gcc.gnu.org/onlinedocs/gcc/Warning-Options.html#index-Wreorder-Wreorder]8;;[m[K]
[8.192s]    94 |   std::string [01;35m[Km_lidar_name[m[K;
[8.192s]       |               [01;35m[K^~~~~~~~~~~~[m[K
[8.192s] [01m[K/home/anish/work/sick_safetyscanners2/src/SickSafetyscannersRos2.cpp:39:1:[m[K [01;35m[Kwarning: [m[K  when initialized here [[01;35m[K]8;;https://gcc.gnu.org/onlinedocs/gcc/Warning-Options.html#index-Wreorder-Wreorder]8;;[m[K]
[8.192s]    39 | [01;35m[KSickSafetyscannersRos2[m[K::SickSafetyscannersRos2()
[8.192s]       | [01;35m[K^~~~~~~~~~~~~~~~~~~~~~[m[K
[8.451s] In file included from [01m[K/usr/include/c++/11/memory:76[m[K,
[8.451s]                  from [01m[K/opt/ros/humble/include/sick_safetyscanners_base/SickSafetyscanners.h:44[m[K,
[8.451s]                  from [01m[K/home/anish/work/sick_safetyscanners2/include/sick_safetyscanners2/SickSafetyscannersRos2.h:38[m[K,
[8.451s]                  from [01m[K/home/anish/work/sick_safetyscanners2/src/SickSafetyscannersRos2.cpp:35[m[K:
[8.451s] /usr/include/c++/11/bits/unique_ptr.h: In instantiation of â€˜[01m[Ktypename std::_MakeUniq<_Tp>::__single_object std::make_unique(_Args&& ...) [with _Tp = sick::MessageCreator; _Args = {std::__cxx11::basic_string<char, std::char_traits<char>, std::allocator<char> >&, double&, double&, double&, float&, double&}; typename std::_MakeUniq<_Tp>::__single_object = std::unique_ptr<sick::MessageCreator>][m[Kâ€™:
[8.451s] [01m[K/home/anish/work/sick_safetyscanners2/src/SickSafetyscannersRos2.cpp:388:57:[m[K   required from here
[8.451s] [01m[K/usr/include/c++/11/bits/unique_ptr.h:962:30:[m[K [01;31m[Kerror: [m[Kno matching function for call to â€˜[01m[Ksick::MessageCreator::MessageCreator(std::__cxx11::basic_string<char>&, double&, double&, double&, float&, double&)[m[Kâ€™
[8.451s]   962 |     { return unique_ptr<_Tp>([01;31m[Knew _Tp(std::forward<_Args>(__args)...)[m[K); }
[8.451s]       |                              [01;31m[K^~~~~~~~~~~~~~~~~~~~~~~~~~~~~~~~~~~~~~~[m[K
[8.451s] In file included from [01m[K/home/anish/work/sick_safetyscanners2/include/sick_safetyscanners2/SickSafetyscannersRos2.h:47[m[K,
[8.452s]                  from [01m[K/home/anish/work/sick_safetyscanners2/src/SickSafetyscannersRos2.cpp:35[m[K:
[8.452s] [01m[K/home/anish/work/sick_safetyscanners2/include/sick_safetyscanners2/utils/MessageCreator.h:68:3:[m[K [01;36m[Knote: [m[Kcandidate: â€˜[01m[Ksick::MessageCreator::MessageCreator(std::string, double, double, double, float, double, std::string)[m[Kâ€™
[8.452s]    68 |   [01;36m[KMessageCreator[m[K(std::string frame_id,
[8.452s]       |   [01;36m[K^~~~~~~~~~~~~~[m[K
[8.458s] [01m[K/home/anish/work/sick_safetyscanners2/include/sick_safetyscanners2/utils/MessageCreator.h:68:3:[m[K [01;36m[Knote: [m[K  candidate expects 7 arguments, 6 provided
[8.458s] [01m[K/home/anish/work/sick_safetyscanners2/include/sick_safetyscanners2/utils/MessageCreator.h:54:7:[m[K [01;36m[Knote: [m[Kcandidate: â€˜[01m[Ksick::MessageCreator::MessageCreator(const sick::MessageCreator&)[m[Kâ€™
[8.458s]    54 | class [01;36m[KMessageCreator[m[K
[8.459s]       |       [01;36m[K^~~~~~~~~~~~~~[m[K
[8.459s] [01m[K/home/anish/work/sick_safetyscanners2/include/sick_safetyscanners2/utils/MessageCreator.h:54:7:[m[K [01;36m[Knote: [m[K  candidate expects 1 argument, 6 provided
[8.459s] [01m[K/home/anish/work/sick_safetyscanners2/include/sick_safetyscanners2/utils/MessageCreator.h:54:7:[m[K [01;36m[Knote: [m[Kcandidate: â€˜[01m[Ksick::MessageCreator::MessageCreator(sick::MessageCreator&&)[m[Kâ€™
[8.459s] [01m[K/home/anish/work/sick_safetyscanners2/include/sick_safetyscanners2/utils/MessageCreator.h:54:7:[m[K [01;36m[Knote: [m[K  candidate expects 1 argument, 6 provided
[8.544s] In file included from [01m[K/usr/include/c++/11/memory:76[m[K,
[8.544s]                  from [01m[K/opt/ros/humble/include/sick_safetyscanners_base/SickSafetyscanners.h:44[m[K,
[8.545s]                  from [01m[K/home/anish/work/sick_safetyscanners2/include/sick_safetyscanners2/SickSafetyscannersLifeCycle.hpp:38[m[K,
[8.545s]                  from [01m[K/home/anish/work/sick_safetyscanners2/src/SickSafetyscannersLifeCycle.cpp:35[m[K:
[8.545s] /usr/include/c++/11/bits/unique_ptr.h: In instantiation of â€˜[01m[Ktypename std::_MakeUniq<_Tp>::__single_object std::make_unique(_Args&& ...) [with _Tp = sick::MessageCreator; _Args = {std::__cxx11::basic_string<char, std::char_traits<char>, std::allocator<char> >&, double&, double&, double&, float&, double&}; typename std::_MakeUniq<_Tp>::__single_object = std::unique_ptr<sick::MessageCreator>][m[Kâ€™:
[8.545s] [01m[K/home/anish/work/sick_safetyscanners2/src/SickSafetyscannersLifeCycle.cpp:113:57:[m[K   required from here
[8.545s] [01m[K/usr/include/c++/11/bits/unique_ptr.h:962:30:[m[K [01;31m[Kerror: [m[Kno matching function for call to â€˜[01m[Ksick::MessageCreator::MessageCreator(std::__cxx11::basic_string<char>&, double&, double&, double&, float&, double&)[m[Kâ€™
[8.545s]   962 |     { return unique_ptr<_Tp>([01;31m[Knew _Tp(std::forward<_Args>(__args)...)[m[K); }
[8.545s]       |                              [01;31m[K^~~~~~~~~~~~~~~~~~~~~~~~~~~~~~~~~~~~~~~[m[K
[8.545s] In file included from [01m[K/home/anish/work/sick_safetyscanners2/include/sick_safetyscanners2/SickSafetyscannersLifeCycle.hpp:47[m[K,
[8.545s]                  from [01m[K/home/anish/work/sick_safetyscanners2/src/SickSafetyscannersLifeCycle.cpp:35[m[K:
[8.545s] [01m[K/home/anish/work/sick_safetyscanners2/include/sick_safetyscanners2/utils/MessageCreator.h:68:3:[m[K [01;36m[Knote: [m[Kcandidate: â€˜[01m[Ksick::MessageCreator::MessageCreator(std::string, double, double, double, float, double, std::string)[m[Kâ€™
[8.545s]    68 |   [01;36m[KMessageCreator[m[K(std::string frame_id,
[8.545s]       |   [01;36m[K^~~~~~~~~~~~~~[m[K
[8.545s] [01m[K/home/anish/work/sick_safetyscanners2/include/sick_safetyscanners2/utils/MessageCreator.h:68:3:[m[K [01;36m[Knote: [m[K  candidate expects 7 arguments, 6 provided
[8.545s] [01m[K/home/anish/work/sick_safetyscanners2/include/sick_safetyscanners2/utils/MessageCreator.h:54:7:[m[K [01;36m[Knote: [m[Kcandidate: â€˜[01m[Ksick::MessageCreator::MessageCreator(const sick::MessageCreator&)[m[Kâ€™
[8.545s]    54 | class [01;36m[KMessageCreator[m[K
[8.545s]       |       [01;36m[K^~~~~~~~~~~~~~[m[K
[8.546s] [01m[K/home/anish/work/sick_safetyscanners2/include/sick_safetyscanners2/utils/MessageCreator.h:54:7:[m[K [01;36m[Knote: [m[K  candidate expects 1 argument, 6 provided
[8.546s] [01m[K/home/anish/work/sick_safetyscanners2/include/sick_safetyscanners2/utils/MessageCreator.h:54:7:[m[K [01;36m[Knote: [m[Kcandidate: â€˜[01m[Ksick::MessageCreator::MessageCreator(sick::MessageCreator&&)[m[Kâ€™
[8.546s] [01m[K/home/anish/work/sick_safetyscanners2/include/sick_safetyscanners2/utils/MessageCreator.h:54:7:[m[K [01;36m[Knote: [m[K  candidate expects 1 argument, 6 provided
[9.769s] gmake[2]: *** [CMakeFiles/sick_safetyscanners2_node.dir/build.make:90: CMakeFiles/sick_safetyscanners2_node.dir/src/SickSafetyscannersRos2.cpp.o] Error 1
[9.770s] gmake[1]: *** [CMakeFiles/Makefile2:139: CMakeFiles/sick_safetyscanners2_node.dir/all] Error 2
[9.770s] gmake[1]: *** Waiting for unfinished jobs....
[9.838s] gmake[2]: *** [CMakeFiles/sick_safetyscanners2_lifecycle_node.dir/build.make:90: CMakeFiles/sick_safetyscanners2_lifecycle_node.dir/src/SickSafetyscannersLifeCycle.cpp.o] Error 1
[9.838s] gmake[1]: *** [CMakeFiles/Makefile2:165: CMakeFiles/sick_safetyscanners2_lifecycle_node.dir/all] Error 2
[9.838s] gmake: *** [Makefile:146: all] Error 2
[9.840s] Invoked command in '/home/anish/work/sick_safetyscanners2/build/sick_safetyscanners2' returned '2': CMAKE_PREFIX_PATH=${CMAKE_PREFIX_PATH}:/home/anish/work/starnus_robot/install/starnus_viz:/home/anish/work/starnus_robot/install/starnus_slam:/home/anish/work/starnus_robot/install/starnus_sim:/home/anish/work/starnus_robot/install/starnus_rmf_panel:/home/anish/work/starnus_robot/install/starnus_rmf_fleet_adapter:/home/anish/work/starnus_robot/install/starnus_pallet_localisation:/home/anish/work/starnus_robot/install/starnus_navigation:/home/anish/work/starnus_robot/install/starnus_driver:/home/anish/work/starnus_robot/install/starnus_description:/home/anish/work/starnus_robot/install/starnus_bringup:/home/anish/work/starnus_robot/install/starnus:/opt/ros/humble:/home/anish/ros2_humble/install/rqt_bag_plugins:/home/anish/ros2_humble/install/rqt_bag:/home/anish/ros2_humble/install/ros2bag:/home/anish/ros2_humble/install/tracetools_test:/home/anish/ros2_humble/install/tracetools_launch:/home/anish/ros2_humble/install/topic_monitor:/home/anish/ros2_humble/install/tf2_tools:/home/anish/ros2_humble/install/examples_tf2_py:/home/anish/ros2_humble/install/tf2_ros_py:/home/anish/ros2_humble/install/sros2:/home/anish/ros2_humble/install/rqt_topic:/home/anish/ros2_humble/install/rqt_srv:/home/anish/ros2_humble/install/rqt_shell:/home/anish/ros2_humble/install/rqt_service_caller:/home/anish/ros2_humble/install/rqt_reconfigure:/home/anish/ros2_humble/install/rqt_py_console:/home/anish/ros2_humble/install/rqt_publisher:/home/anish/ros2_humble/install/rqt_plot:/home/anish/ros2_humble/install/rqt_action:/home/anish/ros2_humble/install/rqt_msg:/home/anish/ros2_humble/install/rqt_console:/home/anish/ros2_humble/install/rqt:/home/anish/ros2_humble/install/rqt_graph:/home/anish/ros2_humble/install/rqt_gui_py:/home/anish/ros2_humble/install/rqt_gui:/home/anish/ros2_humble/install/ros2trace:/home/anish/ros2_humble/install/ros2topic:/home/anish/ros2_humble/install/ros2test:/home/anish/ros2_humble/install/ros2component:/home/anish/ros2_humble/install/ros2param:/home/anish/ros2_humble/install/ros2lifecycle:/home/anish/ros2_humble/install/ros2service:/home/anish/ros2_humble/install/ros2run:/home/anish/ros2_humble/install/ros2launch:/home/anish/ros2_humble/install/ros2pkg:/home/anish/ros2_humble/install/ros2node:/home/anish/ros2_humble/install/ros2multicast:/home/anish/ros2_humble/install/ros2interface:/home/anish/ros2_humble/install/ros2doctor:/home/anish/ros2_humble/install/ros2action:/home/anish/ros2_humble/install/ros2cli:/home/anish/ros2_humble/install/quality_of_service_demo_py:/home/anish/ros2_humble/install/lifecycle_py:/home/anish/ros2_humble/install/launch_testing_ros:/home/anish/ros2_humble/install/launch_ros:/home/anish/ros2_humble/install/examples_rclpy_pointcloud_publisher:/home/anish/ros2_humble/install/examples_rclpy_minimal_subscriber:/home/anish/ros2_humble/install/examples_rclpy_minimal_service:/home/anish/ros2_humble/install/examples_rclpy_minimal_publisher:/home/anish/ros2_humble/install/examples_rclpy_minimal_client:/home/anish/ros2_humble/install/examples_rclpy_minimal_action_server:/home/anish/ros2_humble/install/examples_rclpy_minimal_action_client:/home/anish/ros2_humble/install/examples_rclpy_guard_conditions:/home/anish/ros2_humble/install/examples_rclpy_executors:/home/anish/ros2_humble/install/demo_nodes_py:/home/anish/ros2_humble/install/action_tutorials_py:/home/anish/ros2_humble/install/ament_uncrustify:/home/anish/ros2_humble/install/tracetools_trace:/home/anish/ros2_humble/install/tracetools_read:/home/anish/ros2_humble/install/test_tracetools_launch:/home/anish/ros2_humble/install/test_launch_ros:/home/anish/ros2_humble/install/sensor_msgs_py:/home/anish/ros2_humble/install/rpyutils:/home/anish/ros2_humble/install/rosidl_runtime_py:/home/anish/ros2_humble/install/rosidl_cli:/home/anish/ros2_humble/install/launch_pytest:/home/anish/ros2_humble/install/launch_testing:/home/anish/ros2_humble/install/launch_yaml:/home/anish/ros2_humble/install/launch_xml:/home/anish/ros2_humble/install/launch:/home/anish/ros2_humble/install/osrf_pycommon:/home/anish/ros2_humble/install/launch_testing_examples:/home/anish/ros2_humble/install/domain_coordinator:/home/anish/ros2_humble/install/ament_xmllint:/home/anish/ros2_humble/install/ament_pyflakes:/home/anish/ros2_humble/install/ament_pycodestyle:/home/anish/ros2_humble/install/ament_pep257:/home/anish/ros2_humble/install/ament_pclint:/home/anish/ros2_humble/install/ament_package:/home/anish/ros2_humble/install/ament_mypy:/home/anish/ros2_humble/install/ament_lint_cmake:/home/anish/ros2_humble/install/ament_flake8:/home/anish/ros2_humble/install/ament_copyright:/home/anish/ros2_humble/install/ament_lint:/home/anish/ros2_humble/install/ament_index_python:/home/anish/ros2_humble/install/ament_cpplint:/home/anish/ros2_humble/install/ament_cppcheck:/home/anish/ros2_humble/install/ament_clang_tidy:/home/anish/ros2_humble/install/ament_clang_format /usr/bin/cmake --build /home/anish/work/sick_safetyscanners2/build/sick_safetyscanners2 -- -j16 -l16
