[0.033s] Invoking command in '/home/anish/work/sick_safetyscanners2/build/sick_safetyscanners2': CMAKE_PREFIX_PATH=${CMAKE_PREFIX_PATH}:/home/anish/work/starnus_robot/install/starnus_viz:/home/anish/work/starnus_robot/install/starnus_slam:/home/anish/work/starnus_robot/install/starnus_sim:/home/anish/work/starnus_robot/install/starnus_rmf_panel:/home/anish/work/starnus_robot/install/starnus_rmf_fleet_adapter:/home/anish/work/starnus_robot/install/starnus_pallet_localisation:/home/anish/work/starnus_robot/install/starnus_navigation:/home/anish/work/starnus_robot/install/starnus_driver:/home/anish/work/starnus_robot/install/starnus_description:/home/anish/work/starnus_robot/install/starnus_bringup:/home/anish/work/starnus_robot/install/starnus:/opt/ros/humble:/home/anish/ros2_humble/install/rqt_bag_plugins:/home/anish/ros2_humble/install/rqt_bag:/home/anish/ros2_humble/install/ros2bag:/home/anish/ros2_humble/install/tracetools_test:/home/anish/ros2_humble/install/tracetools_launch:/home/anish/ros2_humble/install/topic_monitor:/home/anish/ros2_humble/install/tf2_tools:/home/anish/ros2_humble/install/examples_tf2_py:/home/anish/ros2_humble/install/tf2_ros_py:/home/anish/ros2_humble/install/sros2:/home/anish/ros2_humble/install/rqt_topic:/home/anish/ros2_humble/install/rqt_srv:/home/anish/ros2_humble/install/rqt_shell:/home/anish/ros2_humble/install/rqt_service_caller:/home/anish/ros2_humble/install/rqt_reconfigure:/home/anish/ros2_humble/install/rqt_py_console:/home/anish/ros2_humble/install/rqt_publisher:/home/anish/ros2_humble/install/rqt_plot:/home/anish/ros2_humble/install/rqt_action:/home/anish/ros2_humble/install/rqt_msg:/home/anish/ros2_humble/install/rqt_console:/home/anish/ros2_humble/install/rqt:/home/anish/ros2_humble/install/rqt_graph:/home/anish/ros2_humble/install/rqt_gui_py:/home/anish/ros2_humble/install/rqt_gui:/home/anish/ros2_humble/install/ros2trace:/home/anish/ros2_humble/install/ros2topic:/home/anish/ros2_humble/install/ros2test:/home/anish/ros2_humble/install/ros2component:/home/anish/ros2_humble/install/ros2param:/home/anish/ros2_humble/install/ros2lifecycle:/home/anish/ros2_humble/install/ros2service:/home/anish/ros2_humble/install/ros2run:/home/anish/ros2_humble/install/ros2launch:/home/anish/ros2_humble/install/ros2pkg:/home/anish/ros2_humble/install/ros2node:/home/anish/ros2_humble/install/ros2multicast:/home/anish/ros2_humble/install/ros2interface:/home/anish/ros2_humble/install/ros2doctor:/home/anish/ros2_humble/install/ros2action:/home/anish/ros2_humble/install/ros2cli:/home/anish/ros2_humble/install/quality_of_service_demo_py:/home/anish/ros2_humble/install/lifecycle_py:/home/anish/ros2_humble/install/launch_testing_ros:/home/anish/ros2_humble/install/launch_ros:/home/anish/ros2_humble/install/examples_rclpy_pointcloud_publisher:/home/anish/ros2_humble/install/examples_rclpy_minimal_subscriber:/home/anish/ros2_humble/install/examples_rclpy_minimal_service:/home/anish/ros2_humble/install/examples_rclpy_minimal_publisher:/home/anish/ros2_humble/install/examples_rclpy_minimal_client:/home/anish/ros2_humble/install/examples_rclpy_minimal_action_server:/home/anish/ros2_humble/install/examples_rclpy_minimal_action_client:/home/anish/ros2_humble/install/examples_rclpy_guard_conditions:/home/anish/ros2_humble/install/examples_rclpy_executors:/home/anish/ros2_humble/install/demo_nodes_py:/home/anish/ros2_humble/install/action_tutorials_py:/home/anish/ros2_humble/install/ament_uncrustify:/home/anish/ros2_humble/install/tracetools_trace:/home/anish/ros2_humble/install/tracetools_read:/home/anish/ros2_humble/install/test_tracetools_launch:/home/anish/ros2_humble/install/test_launch_ros:/home/anish/ros2_humble/install/sensor_msgs_py:/home/anish/ros2_humble/install/rpyutils:/home/anish/ros2_humble/install/rosidl_runtime_py:/home/anish/ros2_humble/install/rosidl_cli:/home/anish/ros2_humble/install/launch_pytest:/home/anish/ros2_humble/install/launch_testing:/home/anish/ros2_humble/install/launch_yaml:/home/anish/ros2_humble/install/launch_xml:/home/anish/ros2_humble/install/launch:/home/anish/ros2_humble/install/osrf_pycommon:/home/anish/ros2_humble/install/launch_testing_examples:/home/anish/ros2_humble/install/domain_coordinator:/home/anish/ros2_humble/install/ament_xmllint:/home/anish/ros2_humble/install/ament_pyflakes:/home/anish/ros2_humble/install/ament_pycodestyle:/home/anish/ros2_humble/install/ament_pep257:/home/anish/ros2_humble/install/ament_pclint:/home/anish/ros2_humble/install/ament_package:/home/anish/ros2_humble/install/ament_mypy:/home/anish/ros2_humble/install/ament_lint_cmake:/home/anish/ros2_humble/install/ament_flake8:/home/anish/ros2_humble/install/ament_copyright:/home/anish/ros2_humble/install/ament_lint:/home/anish/ros2_humble/install/ament_index_python:/home/anish/ros2_humble/install/ament_cpplint:/home/anish/ros2_humble/install/ament_cppcheck:/home/anish/ros2_humble/install/ament_clang_tidy:/home/anish/ros2_humble/install/ament_clang_format /usr/bin/cmake --build /home/anish/work/sick_safetyscanners2/build/sick_safetyscanners2 -- -j16 -l16
[0.104s] [35m[1mConsolidate compiler generated dependencies of target sick_safetyscanners2_node[0m
[0.104s] [35m[1mConsolidate compiler generated dependencies of target sick_safetyscanners2_lifecycle_node[0m
[0.152s] [ 25%] [32mBuilding CXX object CMakeFiles/sick_safetyscanners2_lifecycle_node.dir/src/SickSafetyscannersLifeCycle.cpp.o[0m
[0.152s] [ 25%] [32mBuilding CXX object CMakeFiles/sick_safetyscanners2_node.dir/src/SickSafetyscannersRos2.cpp.o[0m
[3.790s] In file included from [01m[K/home/anish/work/sick_safetyscanners2/src/SickSafetyscannersRos2.cpp:35[m[K:
[3.790s] [01m[K/home/anish/work/sick_safetyscanners2/include/sick_safetyscanners2/SickSafetyscannersRos2.h:[m[K In constructor â€˜[01m[Ksick::SickSafetyscannersRos2::SickSafetyscannersRos2()[m[Kâ€™:
[3.790s] [01m[K/home/anish/work/sick_safetyscanners2/include/sick_safetyscanners2/SickSafetyscannersRos2.h:105:8:[m[K [01;35m[Kwarning: [m[Kâ€˜[01m[Ksick::SickSafetyscannersRos2::m_use_pers_conf[m[Kâ€™ will be initialized after [[01;35m[K]8;;https://gcc.gnu.org/onlinedocs/gcc/Warning-Options.html#index-Wreorder-Wreorder]8;;[m[K]
[3.791s]   105 |   bool [01;35m[Km_use_pers_conf[m[K;
[3.791s]       |        [01;35m[K^~~~~~~~~~~~~~~[m[K
[3.791s] [01m[K/home/anish/work/sick_safetyscanners2/include/sick_safetyscanners2/SickSafetyscannersRos2.h:94:15:[m[K [01;35m[Kwarning: [m[K  â€˜[01m[Kstd::string sick::SickSafetyscannersRos2::m_lidar_name[m[Kâ€™ [[01;35m[K]8;;https://gcc.gnu.org/onlinedocs/gcc/Warning-Options.html#index-Wreorder-Wreorder]8;;[m[K]
[3.791s]    94 |   std::string [01;35m[Km_lidar_name[m[K;
[3.791s]       |               [01;35m[K^~~~~~~~~~~~[m[K
[3.791s] [01m[K/home/anish/work/sick_safetyscanners2/src/SickSafetyscannersRos2.cpp:39:1:[m[K [01;35m[Kwarning: [m[K  when initialized here [[01;35m[K]8;;https://gcc.gnu.org/onlinedocs/gcc/Warning-Options.html#index-Wreorder-Wreorder]8;;[m[K]
[3.791s]    39 | [01;35m[KSickSafetyscannersRos2[m[K::SickSafetyscannersRos2()
[3.791s]       | [01;35m[K^~~~~~~~~~~~~~~~~~~~~~[m[K
[3.847s] [01m[K/home/anish/work/sick_safetyscanners2/src/SickSafetyscannersRos2.cpp:[m[K In member function â€˜[01m[Kvoid sick::SickSafetyscannersRos2::load_parameters()[m[Kâ€™:
[3.847s] [01m[K/home/anish/work/sick_safetyscanners2/src/SickSafetyscannersRos2.cpp:222:3:[m[K [01;31m[Kerror: [m[Kexpected unqualified-id before â€˜[01m[Kthis[m[Kâ€™
[3.847s]   222 |   [01;31m[Kthis[m[K->get_parameter<double>("time_offset", m_time_offset);
[3.847s]       |   [01;31m[K^~~~[m[K
[4.096s] In file included from [01m[K/usr/include/c++/11/memory:76[m[K,
[4.096s]                  from [01m[K/opt/ros/humble/include/sick_safetyscanners_base/SickSafetyscanners.h:44[m[K,
[4.096s]                  from [01m[K/home/anish/work/sick_safetyscanners2/include/sick_safetyscanners2/SickSafetyscannersLifeCycle.hpp:38[m[K,
[4.096s]                  from [01m[K/home/anish/work/sick_safetyscanners2/src/SickSafetyscannersLifeCycle.cpp:35[m[K:
[4.096s] /usr/include/c++/11/bits/unique_ptr.h: In instantiation of â€˜[01m[Ktypename std::_MakeUniq<_Tp>::__single_object std::make_unique(_Args&& ...) [with _Tp = sick::MessageCreator; _Args = {std::__cxx11::basic_string<char, std::char_traits<char>, std::allocator<char> >&, double&, double&, double&, float&, double&}; typename std::_MakeUniq<_Tp>::__single_object = std::unique_ptr<sick::MessageCreator>][m[Kâ€™:
[4.097s] [01m[K/home/anish/work/sick_safetyscanners2/src/SickSafetyscannersLifeCycle.cpp:113:57:[m[K   required from here
[4.097s] [01m[K/usr/include/c++/11/bits/unique_ptr.h:962:30:[m[K [01;31m[Kerror: [m[Kno matching function for call to â€˜[01m[Ksick::MessageCreator::MessageCreator(std::__cxx11::basic_string<char>&, double&, double&, double&, float&, double&)[m[Kâ€™
[4.097s]   962 |     { return unique_ptr<_Tp>([01;31m[Knew _Tp(std::forward<_Args>(__args)...)[m[K); }
[4.097s]       |                              [01;31m[K^~~~~~~~~~~~~~~~~~~~~~~~~~~~~~~~~~~~~~~[m[K
[4.097s] In file included from [01m[K/home/anish/work/sick_safetyscanners2/include/sick_safetyscanners2/SickSafetyscannersLifeCycle.hpp:47[m[K,
[4.097s]                  from [01m[K/home/anish/work/sick_safetyscanners2/src/SickSafetyscannersLifeCycle.cpp:35[m[K:
[4.097s] [01m[K/home/anish/work/sick_safetyscanners2/include/sick_safetyscanners2/utils/MessageCreator.h:68:3:[m[K [01;36m[Knote: [m[Kcandidate: â€˜[01m[Ksick::MessageCreator::MessageCreator(std::string, double, double, double, float, double, std::string)[m[Kâ€™
[4.097s]    68 |   [01;36m[KMessageCreator[m[K(std::string frame_id,
[4.097s]       |   [01;36m[K^~~~~~~~~~~~~~[m[K
[4.097s] [01m[K/home/anish/work/sick_safetyscanners2/include/sick_safetyscanners2/utils/MessageCreator.h:68:3:[m[K [01;36m[Knote: [m[K  candidate expects 7 arguments, 6 provided
[4.097s] [01m[K/home/anish/work/sick_safetyscanners2/include/sick_safetyscanners2/utils/MessageCreator.h:54:7:[m[K [01;36m[Knote: [m[Kcandidate: â€˜[01m[Ksick::MessageCreator::MessageCreator(const sick::MessageCreator&)[m[Kâ€™
[4.097s]    54 | class [01;36m[KMessageCreator[m[K
[4.097s]       |       [01;36m[K^~~~~~~~~~~~~~[m[K
[4.097s] [01m[K/home/anish/work/sick_safetyscanners2/include/sick_safetyscanners2/utils/MessageCreator.h:54:7:[m[K [01;36m[Knote: [m[K  candidate expects 1 argument, 6 provided
[4.097s] [01m[K/home/anish/work/sick_safetyscanners2/include/sick_safetyscanners2/utils/MessageCreator.h:54:7:[m[K [01;36m[Knote: [m[Kcandidate: â€˜[01m[Ksick::MessageCreator::MessageCreator(sick::MessageCreator&&)[m[Kâ€™
[4.097s] [01m[K/home/anish/work/sick_safetyscanners2/include/sick_safetyscanners2/utils/MessageCreator.h:54:7:[m[K [01;36m[Knote: [m[K  candidate expects 1 argument, 6 provided
[5.277s] gmake[2]: *** [CMakeFiles/sick_safetyscanners2_node.dir/build.make:90: CMakeFiles/sick_safetyscanners2_node.dir/src/SickSafetyscannersRos2.cpp.o] Error 1
[5.277s] gmake[1]: *** [CMakeFiles/Makefile2:139: CMakeFiles/sick_safetyscanners2_node.dir/all] Error 2
[5.277s] gmake[1]: *** Waiting for unfinished jobs....
[5.370s] gmake[2]: *** [CMakeFiles/sick_safetyscanners2_lifecycle_node.dir/build.make:90: CMakeFiles/sick_safetyscanners2_lifecycle_node.dir/src/SickSafetyscannersLifeCycle.cpp.o] Error 1
[5.370s] gmake[1]: *** [CMakeFiles/Makefile2:165: CMakeFiles/sick_safetyscanners2_lifecycle_node.dir/all] Error 2
[5.370s] gmake: *** [Makefile:146: all] Error 2
[5.373s] Invoked command in '/home/anish/work/sick_safetyscanners2/build/sick_safetyscanners2' returned '2': CMAKE_PREFIX_PATH=${CMAKE_PREFIX_PATH}:/home/anish/work/starnus_robot/install/starnus_viz:/home/anish/work/starnus_robot/install/starnus_slam:/home/anish/work/starnus_robot/install/starnus_sim:/home/anish/work/starnus_robot/install/starnus_rmf_panel:/home/anish/work/starnus_robot/install/starnus_rmf_fleet_adapter:/home/anish/work/starnus_robot/install/starnus_pallet_localisation:/home/anish/work/starnus_robot/install/starnus_navigation:/home/anish/work/starnus_robot/install/starnus_driver:/home/anish/work/starnus_robot/install/starnus_description:/home/anish/work/starnus_robot/install/starnus_bringup:/home/anish/work/starnus_robot/install/starnus:/opt/ros/humble:/home/anish/ros2_humble/install/rqt_bag_plugins:/home/anish/ros2_humble/install/rqt_bag:/home/anish/ros2_humble/install/ros2bag:/home/anish/ros2_humble/install/tracetools_test:/home/anish/ros2_humble/install/tracetools_launch:/home/anish/ros2_humble/install/topic_monitor:/home/anish/ros2_humble/install/tf2_tools:/home/anish/ros2_humble/install/examples_tf2_py:/home/anish/ros2_humble/install/tf2_ros_py:/home/anish/ros2_humble/install/sros2:/home/anish/ros2_humble/install/rqt_topic:/home/anish/ros2_humble/install/rqt_srv:/home/anish/ros2_humble/install/rqt_shell:/home/anish/ros2_humble/install/rqt_service_caller:/home/anish/ros2_humble/install/rqt_reconfigure:/home/anish/ros2_humble/install/rqt_py_console:/home/anish/ros2_humble/install/rqt_publisher:/home/anish/ros2_humble/install/rqt_plot:/home/anish/ros2_humble/install/rqt_action:/home/anish/ros2_humble/install/rqt_msg:/home/anish/ros2_humble/install/rqt_console:/home/anish/ros2_humble/install/rqt:/home/anish/ros2_humble/install/rqt_graph:/home/anish/ros2_humble/install/rqt_gui_py:/home/anish/ros2_humble/install/rqt_gui:/home/anish/ros2_humble/install/ros2trace:/home/anish/ros2_humble/install/ros2topic:/home/anish/ros2_humble/install/ros2test:/home/anish/ros2_humble/install/ros2component:/home/anish/ros2_humble/install/ros2param:/home/anish/ros2_humble/install/ros2lifecycle:/home/anish/ros2_humble/install/ros2service:/home/anish/ros2_humble/install/ros2run:/home/anish/ros2_humble/install/ros2launch:/home/anish/ros2_humble/install/ros2pkg:/home/anish/ros2_humble/install/ros2node:/home/anish/ros2_humble/install/ros2multicast:/home/anish/ros2_humble/install/ros2interface:/home/anish/ros2_humble/install/ros2doctor:/home/anish/ros2_humble/install/ros2action:/home/anish/ros2_humble/install/ros2cli:/home/anish/ros2_humble/install/quality_of_service_demo_py:/home/anish/ros2_humble/install/lifecycle_py:/home/anish/ros2_humble/install/launch_testing_ros:/home/anish/ros2_humble/install/launch_ros:/home/anish/ros2_humble/install/examples_rclpy_pointcloud_publisher:/home/anish/ros2_humble/install/examples_rclpy_minimal_subscriber:/home/anish/ros2_humble/install/examples_rclpy_minimal_service:/home/anish/ros2_humble/install/examples_rclpy_minimal_publisher:/home/anish/ros2_humble/install/examples_rclpy_minimal_client:/home/anish/ros2_humble/install/examples_rclpy_minimal_action_server:/home/anish/ros2_humble/install/examples_rclpy_minimal_action_client:/home/anish/ros2_humble/install/examples_rclpy_guard_conditions:/home/anish/ros2_humble/install/examples_rclpy_executors:/home/anish/ros2_humble/install/demo_nodes_py:/home/anish/ros2_humble/install/action_tutorials_py:/home/anish/ros2_humble/install/ament_uncrustify:/home/anish/ros2_humble/install/tracetools_trace:/home/anish/ros2_humble/install/tracetools_read:/home/anish/ros2_humble/install/test_tracetools_launch:/home/anish/ros2_humble/install/test_launch_ros:/home/anish/ros2_humble/install/sensor_msgs_py:/home/anish/ros2_humble/install/rpyutils:/home/anish/ros2_humble/install/rosidl_runtime_py:/home/anish/ros2_humble/install/rosidl_cli:/home/anish/ros2_humble/install/launch_pytest:/home/anish/ros2_humble/install/launch_testing:/home/anish/ros2_humble/install/launch_yaml:/home/anish/ros2_humble/install/launch_xml:/home/anish/ros2_humble/install/launch:/home/anish/ros2_humble/install/osrf_pycommon:/home/anish/ros2_humble/install/launch_testing_examples:/home/anish/ros2_humble/install/domain_coordinator:/home/anish/ros2_humble/install/ament_xmllint:/home/anish/ros2_humble/install/ament_pyflakes:/home/anish/ros2_humble/install/ament_pycodestyle:/home/anish/ros2_humble/install/ament_pep257:/home/anish/ros2_humble/install/ament_pclint:/home/anish/ros2_humble/install/ament_package:/home/anish/ros2_humble/install/ament_mypy:/home/anish/ros2_humble/install/ament_lint_cmake:/home/anish/ros2_humble/install/ament_flake8:/home/anish/ros2_humble/install/ament_copyright:/home/anish/ros2_humble/install/ament_lint:/home/anish/ros2_humble/install/ament_index_python:/home/anish/ros2_humble/install/ament_cpplint:/home/anish/ros2_humble/install/ament_cppcheck:/home/anish/ros2_humble/install/ament_clang_tidy:/home/anish/ros2_humble/install/ament_clang_format /usr/bin/cmake --build /home/anish/work/sick_safetyscanners2/build/sick_safetyscanners2 -- -j16 -l16
